This file contains any messages produced by compilers while
running configure, to aid debugging if configure makes a mistake.

It was created by EXIF library configure 0.6.22, which was
generated by GNU Autoconf 2.69.  Invocation command line was

  $ ./configure 

## --------- ##
## Platform. ##
## --------- ##

hostname = DESKTOP-G4JKJQ4
uname -m = x86_64
uname -r = 4.4.0-19041-Microsoft
uname -s = Linux
uname -v = #488-Microsoft Mon Sep 01 13:43:00 PST 2020

/usr/bin/uname -p = x86_64
/bin/uname -X     = unknown

/bin/arch              = x86_64
/usr/bin/arch -k       = unknown
/usr/convex/getsysinfo = unknown
/usr/bin/hostinfo      = unknown
/bin/machine           = unknown
/usr/bin/oslevel       = unknown
/bin/universe          = unknown

PATH: /home/angelo/bin
PATH: /usr/local/bin
PATH: /home/angelo/.local/bin
PATH: /home/angelo/.cargo/bin
PATH: /home/angelo/bin
PATH: /usr/local/bin
PATH: /home/angelo/.local/bin
PATH: /home/angelo/.cargo/bin
PATH: /usr/local/sbin
PATH: /usr/local/bin
PATH: /usr/sbin
PATH: /usr/bin
PATH: /sbin
PATH: /bin
PATH: /usr/games
PATH: /usr/local/games
PATH: /mnt/c/Program Files (x86)/Intel/iCLS Client/
PATH: /mnt/c/Program Files/Intel/iCLS Client/
PATH: /mnt/c/Windows/system32
PATH: /mnt/c/Windows
PATH: /mnt/c/Windows/System32/Wbem
PATH: /mnt/c/Windows/System32/WindowsPowerShell/v1.0/
PATH: /mnt/c/Windows/System32/OpenSSH/
PATH: /mnt/c/ProgramData/chocolatey/bin
PATH: /mnt/c/Program Files/Docker/Docker/resources/bin
PATH: /mnt/c/ProgramData/DockerDesktop/version-bin
PATH: /mnt/c/Program Files/Meson/
PATH: /mnt/c/Users/Angelo/AppData/Local/Microsoft/WindowsApps


## ----------- ##
## Core tests. ##
## ----------- ##

configure:2248: checking for a BSD-compatible install
configure:2316: result: /usr/bin/install -c
configure:2327: checking whether build environment is sane
configure:2382: result: yes
configure:2531: checking for a thread-safe mkdir -p
configure:2570: result: /usr/bin/mkdir -p
configure:2577: checking for gawk
configure:2593: found /usr/bin/gawk
configure:2604: result: gawk
configure:2615: checking whether make sets $(MAKE)
configure:2637: result: yes
configure:2666: checking whether make supports nested variables
configure:2683: result: yes
configure:2810: checking whether to enable maintainer-specific portions of Makefiles
configure:2819: result: no
configure:2846: checking whether make supports nested variables
configure:2863: result: yes
configure:2884: checking for POSIX sh $() command substitution
configure:2888: result: yes
configure:2955: checking whether make supports the include directive
configure:2970: make -f confmf.GNU && cat confinc.out
this is the am__doit target
configure:2973: $? = 0
configure:2992: result: yes (GNU style)
configure:3062: checking for gcc
configure:3078: found /usr/bin/gcc
configure:3089: result: gcc
configure:3318: checking for C compiler version
configure:3327: gcc --version >&5
gcc (Ubuntu 9.3.0-17ubuntu1~20.04) 9.3.0
Copyright (C) 2019 Free Software Foundation, Inc.
This is free software; see the source for copying conditions.  There is NO
warranty; not even for MERCHANTABILITY or FITNESS FOR A PARTICULAR PURPOSE.

configure:3338: $? = 0
configure:3327: gcc -v >&5
Using built-in specs.
COLLECT_GCC=gcc
COLLECT_LTO_WRAPPER=/usr/lib/gcc/x86_64-linux-gnu/9/lto-wrapper
OFFLOAD_TARGET_NAMES=nvptx-none:hsa
OFFLOAD_TARGET_DEFAULT=1
Target: x86_64-linux-gnu
Configured with: ../src/configure -v --with-pkgversion='Ubuntu 9.3.0-17ubuntu1~20.04' --with-bugurl=file:///usr/share/doc/gcc-9/README.Bugs --enable-languages=c,ada,c++,go,brig,d,fortran,objc,obj-c++,gm2 --prefix=/usr --with-gcc-major-version-only --program-suffix=-9 --program-prefix=x86_64-linux-gnu- --enable-shared --enable-linker-build-id --libexecdir=/usr/lib --without-included-gettext --enable-threads=posix --libdir=/usr/lib --enable-nls --enable-clocale=gnu --enable-libstdcxx-debug --enable-libstdcxx-time=yes --with-default-libstdcxx-abi=new --enable-gnu-unique-object --disable-vtable-verify --enable-plugin --enable-default-pie --with-system-zlib --with-target-system-zlib=auto --enable-objc-gc=auto --enable-multiarch --disable-werror --with-arch-32=i686 --with-abi=m64 --with-multilib-list=m32,m64,mx32 --enable-multilib --with-tune=generic --enable-offload-targets=nvptx-none=/build/gcc-9-HskZEa/gcc-9-9.3.0/debian/tmp-nvptx/usr,hsa --without-cuda-driver --enable-checking=release --build=x86_64-linux-gnu --host=x86_64-linux-gnu --target=x86_64-linux-gnu
Thread model: posix
gcc version 9.3.0 (Ubuntu 9.3.0-17ubuntu1~20.04) 
configure:3338: $? = 0
configure:3327: gcc -V >&5
gcc: error: unrecognized command line option '-V'
gcc: fatal error: no input files
compilation terminated.
configure:3338: $? = 1
configure:3327: gcc -qversion >&5
gcc: error: unrecognized command line option '-qversion'; did you mean '--version'?
gcc: fatal error: no input files
compilation terminated.
configure:3338: $? = 1
configure:3358: checking whether the C compiler works
configure:3380: gcc    conftest.c  >&5
configure:3384: $? = 0
configure:3432: result: yes
configure:3435: checking for C compiler default output file name
configure:3437: result: a.out
configure:3443: checking for suffix of executables
configure:3450: gcc -o conftest    conftest.c  >&5
configure:3454: $? = 0
configure:3476: result: 
configure:3498: checking whether we are cross compiling
configure:3506: gcc -o conftest    conftest.c  >&5
configure:3510: $? = 0
configure:3517: ./conftest
configure:3521: $? = 0
configure:3509: result: no
configure:3514: checking for suffix of object files
configure:3536: gcc -c   conftest.c >&5
configure:3540: $? = 0
configure:3561: result: o
configure:3565: checking whether we are using the GNU C compiler
configure:3584: gcc -c   conftest.c >&5
configure:3584: $? = 0
configure:3593: result: yes
configure:3602: checking whether gcc accepts -g
configure:3622: gcc -c -g  conftest.c >&5
configure:3622: $? = 0
configure:3663: result: yes
configure:3680: checking for gcc option to accept ISO C89
configure:3743: gcc  -c -g -O2  conftest.c >&5
configure:3743: $? = 0
configure:3756: result: none needed
configure:3781: checking whether gcc understands -c and -o together
configure:3803: gcc -c conftest.c -o conftest2.o
configure:3806: $? = 0
configure:3803: gcc -c conftest.c -o conftest2.o
configure:3806: $? = 0
configure:3818: result: yes
configure:3837: checking dependency style of gcc
configure:3948: result: gcc3
configure:3965: checking for an ANSI C-conforming const
configure:4031: gcc -c -g -O2  conftest.c >&5
configure:4031: $? = 0
configure:4038: result: yes
configure:4046: checking for inline
configure:4062: gcc -c -g -O2  conftest.c >&5
configure:4062: $? = 0
configure:4070: result: inline
configure:4137: checking for ar
configure:4153: found /usr/bin/ar
configure:4164: result: ar
configure:4190: checking the archiver (ar) interface
configure:4206: gcc -c -g -O2  conftest.c >&5
configure:4206: $? = 0
configure:4208: ar cru libconftest.a conftest.o >&5
ar: `u' modifier ignored since `D' is the default (see `U')
configure:4211: $? = 0
configure:4210: result: ar
configure:4259: checking build system type
configure:4273: result: x86_64-pc-linux-gnu
configure:4293: checking host system type
configure:4306: result: x86_64-pc-linux-gnu
configure:4347: checking how to print strings
configure:4374: result: printf
configure:4395: checking for a sed that does not truncate output
configure:4459: result: /usr/bin/sed
configure:4477: checking for grep that handles long lines and -e
configure:4535: result: /usr/bin/grep
configure:4540: checking for egrep
configure:4602: result: /usr/bin/grep -E
configure:4607: checking for fgrep
configure:4669: result: /usr/bin/grep -F
configure:4704: checking for ld used by gcc
configure:4771: result: /usr/bin/ld
configure:4778: checking if the linker (/usr/bin/ld) is GNU ld
configure:4793: result: yes
configure:4805: checking for BSD- or MS-compatible name lister (nm)
configure:4859: result: /usr/bin/nm -B
configure:4989: checking the name lister (/usr/bin/nm -B) interface
configure:4996: gcc -c -g -O2  conftest.c >&5
configure:4999: /usr/bin/nm -B "conftest.o"
configure:5002: output
0000000000000000 B some_variable
configure:5003: result: BSD nm
configure:5006: checking whether ln -s works
configure:5010: result: yes
configure:5018: checking the maximum length of command line arguments
configure:5149: result: 1572864
configure:5197: checking how to convert x86_64-pc-linux-gnu file names to x86_64-pc-linux-gnu format
configure:5237: result: func_convert_file_noop
configure:5244: checking how to convert x86_64-pc-linux-gnu file names to toolchain format
configure:5264: result: func_convert_file_noop
configure:5271: checking for /usr/bin/ld option to reload object files
configure:5278: result: -r
configure:5352: checking for objdump
configure:5368: found /usr/bin/objdump
configure:5379: result: objdump
configure:5411: checking how to recognize dependent libraries
configure:5611: result: pass_all
configure:5696: checking for dlltool
configure:5726: result: no
configure:5756: checking how to associate runtime and link libraries
configure:5783: result: printf %s\n
configure:5907: checking for archiver @FILE support
configure:5924: gcc -c -g -O2  conftest.c >&5
configure:5924: $? = 0
configure:5927: ar cru libconftest.a @conftest.lst >&5
ar: `u' modifier ignored since `D' is the default (see `U')
configure:5930: $? = 0
configure:5935: ar cru libconftest.a @conftest.lst >&5
ar: `u' modifier ignored since `D' is the default (see `U')
ar: conftest.o: No such file or directory
configure:5938: $? = 1
configure:5937: result: @
configure:5995: checking for strip
configure:6011: found /usr/bin/strip
configure:6022: result: strip
configure:6094: checking for ranlib
configure:6110: found /usr/bin/ranlib
configure:6121: result: ranlib
configure:6223: checking command to parse /usr/bin/nm -B output from gcc object
configure:6376: gcc -c -g -O2  conftest.c >&5
configure:6379: $? = 0
configure:6383: /usr/bin/nm -B conftest.o \| sed -n -e 's/^.*[ ]\([ABCDGIRSTW][ABCDGIRSTW]*\)[ ][ ]*\([_A-Za-z][_A-Za-z0-9]*\)$/\1 \2 \2/p' | sed '/ __gnu_lto/d' \> conftest.nm
configure:6386: $? = 0
configure:6452: gcc -o conftest -g -O2   conftest.c conftstm.o >&5
configure:6455: $? = 0
configure:6493: result: ok
configure:6540: checking for sysroot
configure:6570: result: no
configure:6577: checking for a working dd
configure:6615: result: /usr/bin/dd
configure:6619: checking how to truncate binary pipes
configure:6634: result: /usr/bin/dd bs=4096 count=1
configure:6770: gcc -c -g -O2  conftest.c >&5
configure:6773: $? = 0
configure:6963: checking for mt
configure:6979: found /usr/bin/mt
configure:6990: result: mt
configure:7013: checking if mt is a manifest tool
configure:7019: mt '-?'
configure:7027: result: no
configure:7704: checking how to run the C preprocessor
configure:7735: gcc -E  conftest.c
configure:7735: $? = 0
configure:7749: gcc -E  conftest.c
conftest.c:11:10: fatal error: ac_nonexistent.h: No such file or directory
   11 | #include <ac_nonexistent.h>
      |          ^~~~~~~~~~~~~~~~~~
compilation terminated.
configure:7749: $? = 1
configure: failed program was:
| /* confdefs.h */
| #define PACKAGE_NAME "EXIF library"
| #define PACKAGE_TARNAME "libexif"
| #define PACKAGE_VERSION "0.6.22"
| #define PACKAGE_STRING "EXIF library 0.6.22"
| #define PACKAGE_BUGREPORT "libexif-devel@lists.sourceforge.net"
| #define PACKAGE_URL ""
| #define PACKAGE "libexif"
| #define VERSION "0.6.22"
| /* end confdefs.h.  */
| #include <ac_nonexistent.h>
configure:7774: result: gcc -E
configure:7794: gcc -E  conftest.c
configure:7794: $? = 0
configure:7808: gcc -E  conftest.c
conftest.c:11:10: fatal error: ac_nonexistent.h: No such file or directory
   11 | #include <ac_nonexistent.h>
      |          ^~~~~~~~~~~~~~~~~~
compilation terminated.
configure:7808: $? = 1
configure: failed program was:
| /* confdefs.h */
| #define PACKAGE_NAME "EXIF library"
| #define PACKAGE_TARNAME "libexif"
| #define PACKAGE_VERSION "0.6.22"
| #define PACKAGE_STRING "EXIF library 0.6.22"
| #define PACKAGE_BUGREPORT "libexif-devel@lists.sourceforge.net"
| #define PACKAGE_URL ""
| #define PACKAGE "libexif"
| #define VERSION "0.6.22"
| /* end confdefs.h.  */
| #include <ac_nonexistent.h>
configure:7837: checking for ANSI C header files
configure:7857: gcc -c -g -O2  conftest.c >&5
configure:7857: $? = 0
configure:7930: gcc -o conftest -g -O2   conftest.c  >&5
configure:7930: $? = 0
configure:7930: ./conftest
configure:7930: $? = 0
configure:7941: result: yes
configure:7954: checking for sys/types.h
configure:7954: gcc -c -g -O2  conftest.c >&5
configure:7954: $? = 0
configure:7954: result: yes
configure:7954: checking for sys/stat.h
configure:7954: gcc -c -g -O2  conftest.c >&5
configure:7954: $? = 0
configure:7954: result: yes
configure:7954: checking for stdlib.h
configure:7954: gcc -c -g -O2  conftest.c >&5
configure:7954: $? = 0
configure:7954: result: yes
configure:7954: checking for string.h
configure:7954: gcc -c -g -O2  conftest.c >&5
configure:7954: $? = 0
configure:7954: result: yes
configure:7954: checking for memory.h
configure:7954: gcc -c -g -O2  conftest.c >&5
configure:7954: $? = 0
configure:7954: result: yes
configure:7954: checking for strings.h
configure:7954: gcc -c -g -O2  conftest.c >&5
configure:7954: $? = 0
configure:7954: result: yes
configure:7954: checking for inttypes.h
configure:7954: gcc -c -g -O2  conftest.c >&5
configure:7954: $? = 0
configure:7954: result: yes
configure:7954: checking for stdint.h
configure:7954: gcc -c -g -O2  conftest.c >&5
configure:7954: $? = 0
configure:7954: result: yes
configure:7954: checking for unistd.h
configure:7954: gcc -c -g -O2  conftest.c >&5
configure:7954: $? = 0
configure:7954: result: yes
configure:7968: checking for dlfcn.h
configure:7968: gcc -c -g -O2  conftest.c >&5
configure:7968: $? = 0
configure:7968: result: yes
configure:8224: checking for objdir
configure:8239: result: .libs
configure:8503: checking if gcc supports -fno-rtti -fno-exceptions
configure:8521: gcc -c -g -O2  -fno-rtti -fno-exceptions conftest.c >&5
cc1: warning: command line option '-fno-rtti' is valid for C++/D/ObjC++ but not for C
configure:8525: $? = 0
configure:8538: result: no
configure:8896: checking for gcc option to produce PIC
configure:8903: result: -fPIC -DPIC
configure:8911: checking if gcc PIC flag -fPIC -DPIC works
configure:8929: gcc -c -g -O2  -fPIC -DPIC -DPIC conftest.c >&5
configure:8933: $? = 0
configure:8946: result: yes
configure:8975: checking if gcc static flag -static works
configure:9003: result: yes
configure:9018: checking if gcc supports -c -o file.o
configure:9039: gcc -c -g -O2  -o out/conftest2.o conftest.c >&5
configure:9043: $? = 0
configure:9065: result: yes
configure:9073: checking if gcc supports -c -o file.o
configure:9120: result: yes
configure:9153: checking whether the gcc linker (/usr/bin/ld -m elf_x86_64) supports shared libraries
configure:10412: result: yes
configure:10449: checking whether -lc should be explicitly linked in
configure:10457: gcc -c -g -O2  conftest.c >&5
configure:10460: $? = 0
configure:10475: gcc -shared -Wl,--as-needed  -fPIC -DPIC conftest.o -v  -Wl,-soname -Wl,conftest -o conftest 2\>\&1 \| /usr/bin/grep  -lc  \>/dev/null 2\>\&1
configure:10478: $? = 0
configure:10492: result: no
configure:10652: checking dynamic linker characteristics
configure:11233: gcc -o conftest -g -O2   -Wl,-rpath -Wl,/foo conftest.c  >&5
configure:11233: $? = 0
configure:11473: result: GNU/Linux ld.so
configure:11595: checking how to hardcode library paths into programs
configure:11620: result: immediate
configure:12168: checking whether stripping libraries is possible
configure:12173: result: yes
configure:12208: checking if libtool supports shared libraries
configure:12210: result: yes
configure:12213: checking whether to build shared libraries
configure:12238: result: yes
configure:12241: checking whether to build static libraries
configure:12245: result: yes
configure:9090: checking for special C compiler options needed for large files
configure:9135: result: no
configure:9141: checking for _FILE_OFFSET_BITS value needed for large files
configure:9166: gcc -c -g -O2  conftest.c >&5
configure:9166: $? = 0
configure:9198: result: no
configure:9291: checking for uint8_t in stdint.h
configure:9304: result: yes
configure:9473: checking for math functions in libm
configure:9491: gcc -o conftest -g -O2   conftest.c  -lm >&5
configure:9491: $? = 0
configure:9492: result: yes
configure:9565: checking for /usr/lib/gcc/x86_64-linux-gnu/9/libfailmalloc.so.0
configure:9579: result: no
configure:9565: checking for /usr/lib/x86_64-linux-gnu/libfailmalloc.so.0
configure:9579: result: no
configure:9565: checking for /usr/lib/libfailmalloc.so.0
configure:9579: result: no
configure:9565: checking for /lib/x86_64-linux-gnu/libfailmalloc.so.0
configure:9579: result: no
configure:9565: checking for /lib/libfailmalloc.so.0
configure:9579: result: no
configure:9614: checking for failmalloc
configure:9627: result: no
configure:9644: checking whether to build any docs
configure:9657: result: yes
configure:9678: checking main docdir
configure:9690: result: ${prefix}/share/doc (FHS style)
configure:9702: checking package docdir
configure:9713: result: ${prefix}/share/doc/libexif (default style)
configure:9722: checking for dot
configure:9753: result: false
configure:9763: checking for doxygen
configure:9794: result: false
configure:9854: checking whether to create internal code docs
configure:9856: result: no
configure:9886: checking whether NLS is requested
configure:9895: result: yes
configure:9933: checking for msgfmt
configure:9964: result: /usr/bin/msgfmt
configure:9973: checking for gmsgfmt
configure:10004: result: /usr/bin/msgfmt
configure:10044: checking for xgettext
configure:10075: result: /usr/bin/xgettext
configure:10115: checking for msgmerge
configure:10145: result: /usr/bin/msgmerge
configure:10201: checking for po/Makevars requiring hack
configure:10208: result: no
configure:10253: checking for ld used by GCC
configure:10317: result: /usr/bin/ld -m elf_x86_64
configure:10324: checking if the linker (/usr/bin/ld -m elf_x86_64) is GNU ld
configure:10337: result: yes
configure:10343: checking for shared library run path origin
configure:10356: result: done
configure:10772: checking whether NLS is requested
configure:10781: result: yes
configure:10799: checking for GNU gettext in libc
configure:10818: gcc -o conftest -g -O2   conftest.c  -lm >&5
conftest.c: In function 'main':
conftest.c:30:8: warning: cast from pointer to integer of different size [-Wpointer-to-int-cast]
   30 | return (int) gettext ("") + _nl_msg_cat_cntr + *_nl_domain_bindings
      |        ^
configure:10818: $? = 0
configure:10826: result: yes
configure:11406: checking whether to use NLS
configure:11408: result: yes
configure:11411: checking where the gettext function comes from
configure:11422: result: libc
configure:11509: checking for iconv
configure:11531: gcc -o conftest -g -O2   conftest.c  -lm >&5
configure:11531: $? = 0
configure:11563: result: yes
configure:11584: checking for iconv declaration
configure:11613: gcc -c -g -O2  conftest.c >&5
configure:11613: $? = 0
configure:11624: result: 
         extern size_t iconv (iconv_t cd, char * *inbuf, size_t *inbytesleft, char * *outbuf, size_t *outbytesleft);
configure:11670: checking for localtime_r
configure:11670: gcc -o conftest -g -O2   conftest.c  -lm >&5
configure:11670: $? = 0
configure:11670: result: yes
configure:11799: checking that generated files are newer than configure
configure:11805: result: done
configure:11856: creating ./config.status

## ---------------------- ##
## Running config.status. ##
## ---------------------- ##

This file was extended by EXIF library config.status 0.6.22, which was
generated by GNU Autoconf 2.69.  Invocation command line was

  CONFIG_FILES    = 
  CONFIG_HEADERS  = 
  CONFIG_LINKS    = 
  CONFIG_COMMANDS = 
  $ ./config.status 

on DESKTOP-G4JKJQ4

config.status:1152: creating po/Makefile.in
config.status:1260: WARNING:  'po/Makefile.in.in' seems to ignore the --datarootdir setting
config.status:1152: creating Makefile
config.status:1152: creating libexif.spec
config.status:1152: creating libexif/Makefile
config.status:1152: creating test/Makefile
config.status:1152: creating test/check-vars.sh
config.status:1152: creating test/nls/Makefile
config.status:1152: creating m4m/Makefile
config.status:1152: creating doc/Makefile
config.status:1152: creating doc/Doxyfile
config.status:1152: creating doc/Doxyfile-internals
config.status:1152: creating libexif.pc
config.status:1152: creating libexif-uninstalled.pc
config.status:1152: creating binary-dist/Makefile
config.status:1152: creating contrib/Makefile
config.status:1152: creating contrib/examples/Makefile
config.status:1152: creating config.h
config.status:1381: executing depfiles commands
config.status:1458: cd libexif       && sed -e '/# am--include-marker/d' Makefile         | make -f - am--depfiles
config.status:1463: $? = 0
config.status:1458: cd test       && sed -e '/# am--include-marker/d' Makefile         | make -f - am--depfiles
config.status:1463: $? = 0
config.status:1458: cd test/nls       && sed -e '/# am--include-marker/d' Makefile         | make -f - am--depfiles
config.status:1463: $? = 0
config.status:1458: cd contrib/examples       && sed -e '/# am--include-marker/d' Makefile         | make -f - am--depfiles
config.status:1463: $? = 0
config.status:1381: executing libtool commands
config.status:1381: executing default-1 commands

## ---------------- ##
## Cache variables. ##
## ---------------- ##

ac_cv_build=x86_64-pc-linux-gnu
ac_cv_c_compiler_gnu=yes
ac_cv_c_const=yes
ac_cv_c_inline=inline
ac_cv_env_CC_set=
ac_cv_env_CC_value=
ac_cv_env_CFLAGS_set=
ac_cv_env_CFLAGS_value=
ac_cv_env_CPPFLAGS_set=
ac_cv_env_CPPFLAGS_value=
ac_cv_env_CPP_set=
ac_cv_env_CPP_value=
ac_cv_env_LDFLAGS_set=
ac_cv_env_LDFLAGS_value=
ac_cv_env_LIBS_set=
ac_cv_env_LIBS_value=
ac_cv_env_LT_SYS_LIBRARY_PATH_set=
ac_cv_env_LT_SYS_LIBRARY_PATH_value=
ac_cv_env_build_alias_set=
ac_cv_env_build_alias_value=
ac_cv_env_host_alias_set=
ac_cv_env_host_alias_value=
ac_cv_env_target_alias_set=
ac_cv_env_target_alias_value=
ac_cv_file__lib_libfailmalloc_so_0=no
ac_cv_file__lib_x86_64_linux_gnu_libfailmalloc_so_0=no
ac_cv_file__usr_lib_gcc_x86_64_linux_gnu_9_libfailmalloc_so_0=no
ac_cv_file__usr_lib_libfailmalloc_so_0=no
ac_cv_file__usr_lib_x86_64_linux_gnu_libfailmalloc_so_0=no
ac_cv_func_localtime_r=yes
ac_cv_header_dlfcn_h=yes
ac_cv_header_inttypes_h=yes
ac_cv_header_memory_h=yes
ac_cv_header_stdc=yes
ac_cv_header_stdint_h=yes
ac_cv_header_stdlib_h=yes
ac_cv_header_string_h=yes
ac_cv_header_strings_h=yes
ac_cv_header_sys_stat_h=yes
ac_cv_header_sys_types_h=yes
ac_cv_header_unistd_h=yes
ac_cv_host=x86_64-pc-linux-gnu
ac_cv_objext=o
ac_cv_path_DOT=false
ac_cv_path_DOXYGEN=false
ac_cv_path_EGREP='/usr/bin/grep -E'
ac_cv_path_FGREP='/usr/bin/grep -F'
ac_cv_path_GMSGFMT=/usr/bin/msgfmt
ac_cv_path_GREP=/usr/bin/grep
ac_cv_path_MSGFMT=/usr/bin/msgfmt
ac_cv_path_MSGMERGE=/usr/bin/msgmerge
ac_cv_path_SED=/usr/bin/sed
ac_cv_path_XGETTEXT=/usr/bin/xgettext
ac_cv_path_install='/usr/bin/install -c'
ac_cv_path_lt_DD=/usr/bin/dd
ac_cv_path_mkdir=/usr/bin/mkdir
ac_cv_prog_AWK=gawk
ac_cv_prog_CPP='gcc -E'
ac_cv_prog_ac_ct_AR=ar
ac_cv_prog_ac_ct_CC=gcc
ac_cv_prog_ac_ct_MANIFEST_TOOL=mt
ac_cv_prog_ac_ct_OBJDUMP=objdump
ac_cv_prog_ac_ct_RANLIB=ranlib
ac_cv_prog_ac_ct_STRIP=strip
ac_cv_prog_cc_c89=
ac_cv_prog_cc_g=yes
ac_cv_prog_make_make_set=yes
ac_cv_sys_file_offset_bits=no
ac_cv_sys_largefile_CC=no
ac_cv_type_uint8_t=yes
acl_cv_hardcode_direct=no
acl_cv_hardcode_libdir_flag_spec='${wl}-rpath ${wl}$libdir'
acl_cv_hardcode_libdir_separator=
acl_cv_hardcode_minus_L=no
acl_cv_libext=a
acl_cv_path_LD='/usr/bin/ld -m elf_x86_64'
acl_cv_prog_gnu_ld=yes
acl_cv_rpath=done
acl_cv_shlibext=so
acl_cv_wl=-Wl,
am_cv_CC_dependencies_compiler_type=gcc3
am_cv_ar_interface=ar
am_cv_func_iconv=yes
am_cv_lib_iconv=no
am_cv_make_support_nested_variables=yes
am_cv_prog_cc_c_o=yes
am_cv_proto_iconv='extern size_t iconv (iconv_t cd, char * *inbuf, size_t *inbytesleft, char * *outbuf, size_t *outbytesleft);'
am_cv_proto_iconv_arg1=
gt_cv_func_gnugettext1_libc=yes
lt_cv_ar_at_file=@
lt_cv_archive_cmds_need_lc=no
lt_cv_deplibs_check_method=pass_all
lt_cv_file_magic_cmd='$MAGIC_CMD'
lt_cv_file_magic_test_file=
lt_cv_ld_reload_flag=-r
lt_cv_nm_interface='BSD nm'
lt_cv_objdir=.libs
lt_cv_path_LD=/usr/bin/ld
lt_cv_path_NM='/usr/bin/nm -B'
lt_cv_path_mainfest_tool=no
lt_cv_prog_compiler_c_o=yes
lt_cv_prog_compiler_pic='-fPIC -DPIC'
lt_cv_prog_compiler_pic_works=yes
lt_cv_prog_compiler_rtti_exceptions=no
lt_cv_prog_compiler_static_works=yes
lt_cv_prog_gnu_ld=yes
lt_cv_sharedlib_from_linklib_cmd='printf %s\n'
lt_cv_shlibpath_overrides_runpath=yes
lt_cv_sys_global_symbol_pipe='sed -n -e '\''s/^.*[	 ]\([ABCDGIRSTW][ABCDGIRSTW]*\)[	 ][	 ]*\([_A-Za-z][_A-Za-z0-9]*\)$/\1 \2 \2/p'\'' | sed '\''/ __gnu_lto/d'\'''
lt_cv_sys_global_symbol_to_c_name_address='sed -n -e '\''s/^: \(.*\) .*$/  {"\1", (void *) 0},/p'\'' -e '\''s/^[ABCDGIRSTW][ABCDGIRSTW]* .* \(.*\)$/  {"\1", (void *) \&\1},/p'\'''
lt_cv_sys_global_symbol_to_c_name_address_lib_prefix='sed -n -e '\''s/^: \(.*\) .*$/  {"\1", (void *) 0},/p'\'' -e '\''s/^[ABCDGIRSTW][ABCDGIRSTW]* .* \(lib.*\)$/  {"\1", (void *) \&\1},/p'\'' -e '\''s/^[ABCDGIRSTW][ABCDGIRSTW]* .* \(.*\)$/  {"lib\1", (void *) \&\1},/p'\'''
lt_cv_sys_global_symbol_to_cdecl='sed -n -e '\''s/^T .* \(.*\)$/extern int \1();/p'\'' -e '\''s/^[ABCDGIRSTW][ABCDGIRSTW]* .* \(.*\)$/extern char \1;/p'\'''
lt_cv_sys_global_symbol_to_import=
lt_cv_sys_max_cmd_len=1572864
lt_cv_to_host_file_cmd=func_convert_file_noop
lt_cv_to_tool_file_cmd=func_convert_file_noop
lt_cv_truncate_bin='/usr/bin/dd bs=4096 count=1'

## ----------------- ##
## Output variables. ##
## ----------------- ##

ACLOCAL='${SHELL} /mnt/c/Users/Angelo/Desktop/libexif-0.6.22/missing aclocal-1.16'
AMDEPBACKSLASH='\'
AMDEP_FALSE='#'
AMDEP_TRUE=''
AMTAR='$${TAR-tar}'
AM_BACKSLASH='\'
AM_CPPFLAGS=' -DGETTEXT_PACKAGE=\"libexif-12\" -DLOCALEDIR=\"$(datadir)/locale\" -I$(top_srcdir) -I$(top_builddir) -g -Wall -Wmissing-declarations -Wmissing-prototypes'
AM_DEFAULT_V='$(AM_DEFAULT_VERBOSITY)'
AM_DEFAULT_VERBOSITY='0'
AM_LDFLAGS=' -g -Wall'
AM_V='$(V)'
AR='ar'
AUTOCONF='${SHELL} /mnt/c/Users/Angelo/Desktop/libexif-0.6.22/missing autoconf'
AUTOHEADER='${SHELL} /mnt/c/Users/Angelo/Desktop/libexif-0.6.22/missing autoheader'
AUTOMAKE='${SHELL} /mnt/c/Users/Angelo/Desktop/libexif-0.6.22/missing automake-1.16'
AWK='gawk'
BUILD_DOCS_FALSE='#'
BUILD_DOCS_TRUE=''
CC='gcc'
CCDEPMODE='depmode=gcc3'
CFLAGS='-g -O2'
CPP='gcc -E'
CPPFLAGS=''
CYGPATH_W='echo'
DEFS='-DHAVE_CONFIG_H'
DEPDIR='.deps'
DLLTOOL='false'
DOT='false'
DOXYGEN='false'
DOXYGEN_OUTPUT_DIR='doxygen-output'
DSYMUTIL=''
DUMPBIN=''
ECHO_C=''
ECHO_N='-n'
ECHO_T=''
EGREP='/usr/bin/grep -E'
ENABLE_INTERNAL_DOCS_FALSE=''
ENABLE_INTERNAL_DOCS_TRUE='#'
EXEEXT=''
FAILMALLOC_PATH=''
FGREP='/usr/bin/grep -F'
GETTEXT_PACKAGE='libexif-12'
GMSGFMT='/usr/bin/msgfmt'
GREP='/usr/bin/grep'
HAVE_DOT='NO'
HAVE_DOT_FALSE=''
HAVE_DOT_TRUE='#'
HAVE_DOXYGEN_FALSE=''
HAVE_DOXYGEN_TRUE='#'
HTML_APIDOC_DIR='libexif-api.html'
HTML_APIDOC_INTERNALS_DIR='libexif-internals.html'
INSTALL_DATA='${INSTALL} -m 644'
INSTALL_PROGRAM='${INSTALL}'
INSTALL_SCRIPT='${INSTALL}'
INSTALL_STRIP_PROGRAM='$(install_sh) -c -s'
INTLLIBS=''
LD='/usr/bin/ld -m elf_x86_64'
LDFLAGS=''
LIBEXIF_AGE='3'
LIBEXIF_CURRENT='15'
LIBEXIF_CURRENT_MIN='12'
LIBEXIF_REVISION='4'
LIBEXIF_VERSION_INFO='15:4:3'
LIBICONV=''
LIBINTL=''
LIBOBJS=''
LIBS=' -lm'
LIBTOOL='$(SHELL) $(top_builddir)/libtool'
LIPO=''
LN_S='ln -s'
LTLIBICONV=''
LTLIBINTL=''
LTLIBOBJS=''
LT_SYS_LIBRARY_PATH=''
MAINT='#'
MAINTAINER_MODE_FALSE=''
MAINTAINER_MODE_TRUE='#'
MAKEINFO='${SHELL} /mnt/c/Users/Angelo/Desktop/libexif-0.6.22/missing makeinfo'
MANIFEST_TOOL=':'
MKDIR_P='/usr/bin/mkdir -p'
MKINSTALLDIRS='$(top_builddir)/./mkinstalldirs'
MSGFMT='/usr/bin/msgfmt'
MSGMERGE='/usr/bin/msgmerge'
NM='/usr/bin/nm -B'
NMEDIT=''
OBJDUMP='objdump'
OBJEXT='o'
OTOOL64=''
OTOOL=''
PACKAGE='libexif'
PACKAGE_BUGREPORT='libexif-devel@lists.sourceforge.net'
PACKAGE_NAME='EXIF library'
PACKAGE_STRING='EXIF library 0.6.22'
PACKAGE_TARNAME='libexif'
PACKAGE_URL=''
PACKAGE_VERSION='0.6.22'
PATH_SEPARATOR=':'
POSUB='po'
RANLIB='ranlib'
SED='/usr/bin/sed'
SET_MAKE=''
SHELL='/bin/bash'
SHIP_BINARIES_FALSE=''
SHIP_BINARIES_TRUE='#'
STRIP='strip'
USE_FAILMALLOC_FALSE=''
USE_FAILMALLOC_TRUE='#'
USE_NLS='yes'
VERSION='0.6.22'
XGETTEXT='/usr/bin/xgettext'
ac_ct_AR='ar'
ac_ct_CC='gcc'
ac_ct_DUMPBIN=''
am__EXEEXT_FALSE=''
am__EXEEXT_TRUE='#'
am__fastdepCC_FALSE='#'
am__fastdepCC_TRUE=''
am__include='include'
am__isrc=''
am__leading_dot='.'
am__nodep='_no'
am__quote=''
am__tar='$${TAR-tar} chof - "$$tardir"'
am__untar='$${TAR-tar} xf -'
bindir='${exec_prefix}/bin'
build='x86_64-pc-linux-gnu'
build_alias=''
build_cpu='x86_64'
build_os='linux-gnu'
build_vendor='pc'
datadir='${datarootdir}'
datarootdir='${prefix}/share'
docdir='${prefix}/share/doc/libexif'
dvidir='${docdir}'
exec_prefix='${prefix}'
host='x86_64-pc-linux-gnu'
host_alias=''
host_cpu='x86_64'
host_os='linux-gnu'
host_vendor='pc'
htmldir='${docdir}'
includedir='${prefix}/include'
infodir='${datarootdir}/info'
install_sh='${SHELL} /mnt/c/Users/Angelo/Desktop/libexif-0.6.22/install-sh'
libdir='${exec_prefix}/lib'
libexecdir='${exec_prefix}/libexec'
localedir='$(datadir)/locale'
localstatedir='${prefix}/var'
mandir='${datarootdir}/man'
mkdir_p='$(MKDIR_P)'
oldincludedir='/usr/include'
pdfdir='${docdir}'
prefix='/usr/local'
program_transform_name='s,x,x,'
psdir='${docdir}'
runstatedir='${localstatedir}/run'
sbindir='${exec_prefix}/sbin'
sharedstatedir='${prefix}/com'
sysconfdir='${prefix}/etc'
target_alias=''

## ----------- ##
## confdefs.h. ##
## ----------- ##

/* confdefs.h */
#define PACKAGE_NAME "EXIF library"
#define PACKAGE_TARNAME "libexif"
#define PACKAGE_VERSION "0.6.22"
#define PACKAGE_STRING "EXIF library 0.6.22"
#define PACKAGE_BUGREPORT "libexif-devel@lists.sourceforge.net"
#define PACKAGE_URL ""
#define PACKAGE "libexif"
#define VERSION "0.6.22"
#define STDC_HEADERS 1
#define HAVE_SYS_TYPES_H 1
#define HAVE_SYS_STAT_H 1
#define HAVE_STDLIB_H 1
#define HAVE_STRING_H 1
#define HAVE_MEMORY_H 1
#define HAVE_STRINGS_H 1
#define HAVE_INTTYPES_H 1
#define HAVE_STDINT_H 1
#define HAVE_UNISTD_H 1
#define HAVE_DLFCN_H 1
#define LT_OBJDIR ".libs/"
#define ENABLE_NLS 1
#define HAVE_GETTEXT 1
#define HAVE_DCGETTEXT 1
#define HAVE_ICONV 1
#define ICONV_CONST 
#define HAVE_LOCALTIME_R 1

configure: exit 0
